<?xml version="1.0" encoding="UTF-8"?>
<!-- Generated by org.testng.reporters.JUnitReportReporter -->
<testsuite hostname="ADMINRG-KGQ9CML" failures="0" tests="1" name="testNGTests.EnglishAboutUs" time="6.215" errors="0" timestamp="2023-10-25T08:27:44 CEST" skipped="0">
  <testcase classname="testNGTests.EnglishAboutUs" name="EnAboutUs" time="6.215"/>
  <system-out/>
</testsuite> <!-- testNGTests.EnglishAboutUs -->
