<?xml version="1.0" encoding="UTF-8"?>
<!-- Generated by org.testng.reporters.JUnitReportReporter -->
<testsuite hostname="ADMINRG-KGQ9CML" failures="2" tests="3" name="Runner.runEnDe" time="63.508" errors="0" timestamp="2023-10-22T11:44:51 CEST" skipped="0">
  <testcase classname="Runner.runEnDe" name="runScenario" time="7.196"/>
  <system-out/>
  <testcase classname="Runner.runEnDe" name="runScenario" time="28.437">
    <failure message="expected [Proxy element for: DefaultElementLocator &#039;By.xpath: //h1[normalize-space()=&#039;Wir freuen uns über Ihre Kontaktaufnahme&#039;]&#039;] but found [null]" type="java.lang.AssertionError">
      <![CDATA[java.lang.AssertionError: expected [Proxy element for: DefaultElementLocator 'By.xpath: //h1[normalize-space()='Wir freuen uns über Ihre Kontaktaufnahme']'] but found [null]
at org.testng.Assert.fail(Assert.java:99)
at org.testng.Assert.failNotEquals(Assert.java:1037)
at org.testng.Assert.assertEqualsImpl(Assert.java:140)
at org.testng.Assert.assertEquals(Assert.java:122)
at org.testng.Assert.assertEquals(Assert.java:617)
at StepDefinitions.DeContact.i_see_Kontakt_page(DeContact.java:88)
at ✽.i see Kontakt page(file:///D:/Eclipse-Java-Projekat/SixSentix/src/test/java/Features/EngAndGerVersions.feature:27)
]]>
    </failure>
  </testcase> <!-- runScenario -->
  <system-out/>
  <testcase classname="Runner.runEnDe" name="runScenario" time="27.875">
    <failure message="expected [Proxy element for: DefaultElementLocator &#039;By.xpath: //a[normalize-space()=&#039;Angebot anfordern&#039;]&#039;] but found [null]" type="java.lang.AssertionError">
      <![CDATA[java.lang.AssertionError: expected [Proxy element for: DefaultElementLocator 'By.xpath: //a[normalize-space()='Angebot anfordern']'] but found [null]
at org.testng.Assert.fail(Assert.java:99)
at org.testng.Assert.failNotEquals(Assert.java:1037)
at org.testng.Assert.assertEqualsImpl(Assert.java:140)
at org.testng.Assert.assertEquals(Assert.java:122)
at org.testng.Assert.assertEquals(Assert.java:617)
at StepDefinitions.DeAboutUs.i_see_Über_uns_page(DeAboutUs.java:85)
at ✽.i see Über uns page(file:///D:/Eclipse-Java-Projekat/SixSentix/src/test/java/Features/EngAndGerVersions.feature:18)
]]>
    </failure>
  </testcase> <!-- runScenario -->
  <system-out/>
</testsuite> <!-- Runner.runEnDe -->
