<?xml version="1.0" encoding="UTF-8"?>
<!-- Generated by org.testng.reporters.JUnitReportReporter -->
<testsuite hostname="ADMINRG-KGQ9CML" failures="0" tests="1" name="Tests.EnglishAboutUs" time="6.302" errors="0" timestamp="2023-10-20T23:29:48 CEST" skipped="0">
  <testcase classname="Tests.EnglishAboutUs" name="EnAboutUs" time="6.302"/>
  <system-out/>
</testsuite> <!-- Tests.EnglishAboutUs -->
